{
  "stats": {
    "suites": 1,
    "tests": 1,
    "passes": 0,
    "pending": 0,
    "failures": 1,
    "start": "2025-08-27T12:30:23.009Z",
    "end": "2025-08-27T12:30:23.254Z",
    "duration": 245,
    "testsRegistered": 3,
    "passPercent": 0,
    "pendingPercent": 0,
    "other": 0,
    "hasOther": false,
    "skipped": 2,
    "hasSkipped": true
  },
  "results": [
    {
      "uuid": "495043ef-cc4c-46c3-b7b9-394abbd2ca6d",
      "title": "",
      "fullFile": "e2e\\smart-tag.cy.js",
      "file": "e2e\\smart-tag.cy.js",
      "beforeHooks": [],
      "afterHooks": [],
      "tests": [],
      "suites": [
        {
          "uuid": "9e4d9764-9dfd-42ad-9ed6-f6568c9be912",
          "title": "Smart Tag (hover tooltip)",
          "fullFile": "",
          "file": "",
          "beforeHooks": [],
          "afterHooks": [],
          "tests": [
            {
              "title": "Le tag n'est pas visible au chargement",
              "fullTitle": "Smart Tag (hover tooltip) Le tag n'est pas visible au chargement",
              "timedOut": null,
              "duration": 189,
              "state": "failed",
              "speed": null,
              "pass": false,
              "fail": true,
              "pending": false,
              "context": null,
              "code": "// Le contenu du tag n'est pas visible tant qu'on n'a pas survolé\ncy.contains(\"Lorem ipsum dolor sit amet\").should(\"not.be.visible\");",
              "err": {
                "message": "CypressError: `cy.visit()` failed trying to load:\n\nhttp://localhost:5173/components/smart-tag.html\n\nThe response we received from your web server was:\n\n  > 404: Not Found\n\nThis was considered a failure because the status code was not `2xx`.\n\nIf you do not want status codes to cause failures pass the option: `failOnStatusCode: false`\n\nBecause this error occurred during a `before each` hook we are skipping the remaining tests in the current suite: `Smart Tag (hover tooltip)`",
                "estack": "CypressError: `cy.visit()` failed trying to load:\n\nhttp://localhost:5173/components/smart-tag.html\n\nThe response we received from your web server was:\n\n  > 404: Not Found\n\nThis was considered a failure because the status code was not `2xx`.\n\nIf you do not want status codes to cause failures pass the option: `failOnStatusCode: false`\n\nBecause this error occurred during a `before each` hook we are skipping the remaining tests in the current suite: `Smart Tag (hover tooltip)`\n    at <unknown> (http://localhost:5173/__cypress/runner/cypress_runner.js:135067:76)\n    at visitFailedByErr (http://localhost:5173/__cypress/runner/cypress_runner.js:134637:12)\n    at <unknown> (http://localhost:5173/__cypress/runner/cypress_runner.js:135050:13)\n    at tryCatcher (http://localhost:5173/__cypress/runner/cypress_runner.js:1777:23)\n    at Promise._settlePromiseFromHandler (http://localhost:5173/__cypress/runner/cypress_runner.js:1489:31)\n    at Promise._settlePromise (http://localhost:5173/__cypress/runner/cypress_runner.js:1546:18)\n    at Promise._settlePromise0 (http://localhost:5173/__cypress/runner/cypress_runner.js:1591:10)\n    at Promise._settlePromises (http://localhost:5173/__cypress/runner/cypress_runner.js:1667:18)\n    at _drainQueueStep (http://localhost:5173/__cypress/runner/cypress_runner.js:2377:12)\n    at _drainQueue (http://localhost:5173/__cypress/runner/cypress_runner.js:2370:9)\n    at Async._drainQueues (http://localhost:5173/__cypress/runner/cypress_runner.js:2386:5)\n    at Async.drainQueues (http://localhost:5173/__cypress/runner/cypress_runner.js:2256:14)\nFrom Your Spec Code:\n    at Context.eval (webpack://cypress-components/./e2e/smart-tag.cy.js:3:7)",
                "diff": null
              },
              "uuid": "1ad207e4-ca80-402e-bec0-4550fb61872a",
              "parentUUID": "9e4d9764-9dfd-42ad-9ed6-f6568c9be912",
              "isHook": false,
              "skipped": false
            },
            {
              "title": "Le tag apparaît au survol du bouton 'See more'",
              "fullTitle": "Smart Tag (hover tooltip) Le tag apparaît au survol du bouton 'See more'",
              "timedOut": null,
              "duration": 0,
              "state": "skipped",
              "speed": null,
              "pass": false,
              "fail": false,
              "pending": false,
              "context": null,
              "code": "cy.contains(\"See more\").trigger(\"mouseover\");\ncy.contains(\"Lorem ipsum dolor sit amet\").should(\"be.visible\");",
              "err": {},
              "uuid": "51c88304-c388-46c1-88cb-b1d02acff0e8",
              "parentUUID": "9e4d9764-9dfd-42ad-9ed6-f6568c9be912",
              "isHook": false,
              "skipped": true
            },
            {
              "title": "Le tag disparaît quand on quitte le survol du bouton 'See more'",
              "fullTitle": "Smart Tag (hover tooltip) Le tag disparaît quand on quitte le survol du bouton 'See more'",
              "timedOut": null,
              "duration": 0,
              "state": "skipped",
              "speed": null,
              "pass": false,
              "fail": false,
              "pending": false,
              "context": null,
              "code": "cy.contains(\"See more\").trigger(\"mouseover\");\ncy.contains(\"Lorem ipsum dolor sit amet\").should(\"be.visible\");\n// On simule la sortie du survol\ncy.contains(\"See more\").trigger(\"mouseout\");\n// Petite attente pour laisser Alpine appliquer la transition\ncy.wait(200);\ncy.contains(\"Lorem ipsum dolor sit amet\").should(\"not.be.visible\");",
              "err": {},
              "uuid": "0fde2a68-033f-4ad4-8944-2f2f752221bd",
              "parentUUID": "9e4d9764-9dfd-42ad-9ed6-f6568c9be912",
              "isHook": false,
              "skipped": true
            }
          ],
          "suites": [],
          "passes": [],
          "failures": [
            "1ad207e4-ca80-402e-bec0-4550fb61872a"
          ],
          "pending": [],
          "skipped": [
            "51c88304-c388-46c1-88cb-b1d02acff0e8",
            "0fde2a68-033f-4ad4-8944-2f2f752221bd"
          ],
          "duration": 189,
          "root": false,
          "rootEmpty": false,
          "_timeout": 2000
        }
      ],
      "passes": [],
      "failures": [],
      "pending": [],
      "skipped": [],
      "duration": 0,
      "root": true,
      "rootEmpty": true,
      "_timeout": 2000
    }
  ],
  "meta": {
    "mocha": {
      "version": "7.2.0"
    },
    "mochawesome": {
      "options": {
        "quiet": false,
        "reportFilename": "mochawesome",
        "saveHtml": false,
        "saveJson": true,
        "consoleReporter": "spec",
        "useInlineDiffs": false,
        "code": true
      },
      "version": "7.1.3"
    },
    "marge": {
      "options": {
        "reportDir": "cypress/results",
        "overwrite": false,
        "html": false,
        "json": true
      },
      "version": "6.2.0"
    }
  }
}